     -.--ns INFO     gpi                                ..mbed/gpi_embed.cpp:94   in _embed_init_python              Using Python 3.13.9 interpreter at /Users/macbook/chip_dev/ripple/ripple-32i-core/.env/bin/python3.13
     -.--ns INFO     gpi                                ../gpi/GpiCommon.cpp:79   in gpi_print_registered_impl       VPI registered
     0.00ns INFO     cocotb                             Running on Verilator version 5.038 2025-07-08
     0.00ns INFO     cocotb                             Seeding Python random module with 1772303901
     0.00ns INFO     cocotb                             Initialized cocotb v2.0.1 from /Users/macbook/chip_dev/ripple/ripple-32i-core/.env/lib/python3.13/site-packages/cocotb
     0.00ns INFO     cocotb                             Running tests
     0.00ns INFO     cocotb.regression                  running test_block_ram_model.test_rw (1/1)
     0.00ns INFO     cocotb.block_ram_model_wtb         Initializing RAM model
     0.00ns INFO     cocotb.block_ram_model_wtb         Starting clock
     0.00ns INFO     cocotb.block_ram_model_wtb         Write 0xB to RAM address 0x5 completed.
   451.00ns INFO     cocotb.block_ram_model_wtb         Read 0xB from RAM address 0x5.
   950.00ns INFO     cocotb.block_ram_model_wtb         Write 0x15 to RAM address 0x5 completed.
  1401.00ns INFO     cocotb.block_ram_model_wtb         Read 0x15 from RAM address 0x5.
  1850.00ns INFO     cocotb.block_ram_model_wtb         Write 0x1C to RAM address 0x4 completed.
  2001.00ns INFO     cocotb.block_ram_model_wtb         Read 0x1C from RAM address 0x4.
  2350.00ns INFO     cocotb.block_ram_model_wtb         Write 0x6 to RAM address 0x3 completed.
  2851.00ns INFO     cocotb.block_ram_model_wtb         Read 0x6 from RAM address 0x3.
  3250.00ns INFO     cocotb.block_ram_model_wtb         Write 0x0 to RAM address 0x9 completed.
  3751.00ns INFO     cocotb.block_ram_model_wtb         Read 0x0 from RAM address 0x9.
  4300.00ns INFO     cocotb.block_ram_model_wtb         Write 0x0 to RAM address 0x9 completed.
  4601.00ns INFO     cocotb.block_ram_model_wtb         Read 0x0 from RAM address 0x9.
  4700.00ns INFO     cocotb.block_ram_model_wtb         Write 0x14 to RAM address 0x0 completed.
  5101.00ns INFO     cocotb.block_ram_model_wtb         Read 0x14 from RAM address 0x0.
  5650.00ns INFO     cocotb.block_ram_model_wtb         Write 0x1B to RAM address 0x5 completed.
  6151.00ns INFO     cocotb.block_ram_model_wtb         Read 0x1B from RAM address 0x5.
  6300.00ns INFO     cocotb.block_ram_model_wtb         Write 0x17 to RAM address 0x3 completed.
  6801.00ns INFO     cocotb.block_ram_model_wtb         Read 0x17 from RAM address 0x3.
  7200.00ns INFO     cocotb.block_ram_model_wtb         Write 0x7 to RAM address 0x9 completed.
  7451.00ns INFO     cocotb.block_ram_model_wtb         Read 0x7 from RAM address 0x9.
  7800.00ns INFO     cocotb.block_ram_model_wtb         Write 0x21 to RAM address 0x3 completed.
  8051.00ns INFO     cocotb.block_ram_model_wtb         Read 0x21 from RAM address 0x3.
  8300.00ns INFO     cocotb.block_ram_model_wtb         Write 0x1E to RAM address 0x1 completed.
  8701.00ns INFO     cocotb.block_ram_model_wtb         Read 0x1E from RAM address 0x1.
  8800.00ns INFO     cocotb.block_ram_model_wtb         Write 0x9 to RAM address 0x6 completed.
  9251.00ns INFO     cocotb.block_ram_model_wtb         Read 0x9 from RAM address 0x6.
  9750.00ns INFO     cocotb.block_ram_model_wtb         Write 0xB to RAM address 0x5 completed.
 10251.00ns INFO     cocotb.block_ram_model_wtb         Read 0xB from RAM address 0x5.
 10350.00ns INFO     cocotb.block_ram_model_wtb         Write 0x10 to RAM address 0x5 completed.
 10851.00ns INFO     cocotb.block_ram_model_wtb         Read 0x10 from RAM address 0x5.
 11350.00ns INFO     cocotb.block_ram_model_wtb         Write 0x1C to RAM address 0x2 completed.
 11501.00ns INFO     cocotb.block_ram_model_wtb         Read 0x1C from RAM address 0x2.
 11700.00ns INFO     cocotb.block_ram_model_wtb         Write 0x21 to RAM address 0x7 completed.
 11951.00ns INFO     cocotb.block_ram_model_wtb         Read 0x21 from RAM address 0x7.
 12350.00ns INFO     cocotb.block_ram_model_wtb         Write 0x7 to RAM address 0x1 completed.
 12501.00ns INFO     cocotb.block_ram_model_wtb         Read 0x7 from RAM address 0x1.
 12750.00ns INFO     cocotb.block_ram_model_wtb         Write 0x5 to RAM address 0x3 completed.
 13251.00ns INFO     cocotb.block_ram_model_wtb         Read 0x5 from RAM address 0x3.
 13600.00ns INFO     cocotb.block_ram_model_wtb         Write 0x1E to RAM address 0x8 completed.
 14151.00ns INFO     cocotb.block_ram_model_wtb         Read 0x1E from RAM address 0x8.
 14400.00ns INFO     cocotb.block_ram_model_wtb         Write 0x11 to RAM address 0x2 completed.
 14751.00ns INFO     cocotb.block_ram_model_wtb         Read 0x11 from RAM address 0x2.
 15300.00ns INFO     cocotb.block_ram_model_wtb         Write 0x0 to RAM address 0x0 completed.
 15751.00ns INFO     cocotb.block_ram_model_wtb         Read 0x0 from RAM address 0x0.
 16050.00ns INFO     cocotb.block_ram_model_wtb         Write 0x18 to RAM address 0x8 completed.
 16301.00ns INFO     cocotb.block_ram_model_wtb         Read 0x18 from RAM address 0x8.
 16600.00ns INFO     cocotb.block_ram_model_wtb         Write 0x6 to RAM address 0x4 completed.
 16851.00ns INFO     cocotb.block_ram_model_wtb         Read 0x6 from RAM address 0x4.
 17050.00ns INFO     cocotb.block_ram_model_wtb         Write 0x3 to RAM address 0x7 completed.
 17251.00ns INFO     cocotb.block_ram_model_wtb         Read 0x3 from RAM address 0x7.
 17450.00ns INFO     cocotb.block_ram_model_wtb         Write 0xD to RAM address 0x1 completed.
 17701.00ns INFO     cocotb.block_ram_model_wtb         Read 0xD from RAM address 0x1.
 18250.00ns INFO     cocotb.block_ram_model_wtb         Write 0x7 to RAM address 0x0 completed.
 18401.00ns INFO     cocotb.block_ram_model_wtb         Read 0x7 from RAM address 0x0.
 18500.00ns INFO     cocotb.block_ram_model_wtb         Write 0x20 to RAM address 0x7 completed.
 19051.00ns INFO     cocotb.block_ram_model_wtb         Read 0x20 from RAM address 0x7.
 19150.00ns INFO     cocotb.block_ram_model_wtb         Write 0xE to RAM address 0x4 completed.
 19601.00ns INFO     cocotb.block_ram_model_wtb         Read 0xE from RAM address 0x4.
 20100.00ns INFO     cocotb.block_ram_model_wtb         Write 0x18 to RAM address 0x6 completed.
 20651.00ns INFO     cocotb.block_ram_model_wtb         Read 0x18 from RAM address 0x6.
 20750.00ns INFO     cocotb.block_ram_model_wtb         Write 0x14 to RAM address 0x5 completed.
 20901.00ns INFO     cocotb.block_ram_model_wtb         Read 0x14 from RAM address 0x5.
 21350.00ns INFO     cocotb.block_ram_model_wtb         Write 0x3 to RAM address 0x2 completed.
 21551.00ns INFO     cocotb.block_ram_model_wtb         Read 0x3 from RAM address 0x2.
 21850.00ns INFO     cocotb.block_ram_model_wtb         Write 0x3 to RAM address 0x8 completed.
 22251.00ns INFO     cocotb.block_ram_model_wtb         Read 0x3 from RAM address 0x8.
 22450.00ns INFO     cocotb.block_ram_model_wtb         Write 0x1C to RAM address 0x6 completed.
 22901.00ns INFO     cocotb.block_ram_model_wtb         Read 0x1C from RAM address 0x6.
 23400.00ns INFO     cocotb.block_ram_model_wtb         Write 0x1C to RAM address 0x4 completed.
 23651.00ns INFO     cocotb.block_ram_model_wtb         Read 0x1C from RAM address 0x4.
 24100.00ns INFO     cocotb.block_ram_model_wtb         Write 0x8 to RAM address 0x8 completed.
 24351.00ns INFO     cocotb.block_ram_model_wtb         Read 0x8 from RAM address 0x8.
 24500.00ns INFO     cocotb.block_ram_model_wtb         Write 0xE to RAM address 0x1 completed.
 24901.00ns INFO     cocotb.block_ram_model_wtb         Read 0xE from RAM address 0x1.
 25050.00ns INFO     cocotb.block_ram_model_wtb         Write 0x16 to RAM address 0x9 completed.
 25501.00ns INFO     cocotb.block_ram_model_wtb         Read 0x16 from RAM address 0x9.
 25900.00ns INFO     cocotb.block_ram_model_wtb         Write 0x3 to RAM address 0x8 completed.
 26201.00ns INFO     cocotb.block_ram_model_wtb         Read 0x3 from RAM address 0x8.
 26400.00ns INFO     cocotb.block_ram_model_wtb         Write 0x14 to RAM address 0x2 completed.
 26651.00ns INFO     cocotb.block_ram_model_wtb         Read 0x14 from RAM address 0x2.
 26850.00ns INFO     cocotb.block_ram_model_wtb         Write 0x1B to RAM address 0x2 completed.
 27151.00ns INFO     cocotb.block_ram_model_wtb         Read 0x1B from RAM address 0x2.
 27350.00ns INFO     cocotb.block_ram_model_wtb         Write 0x1D to RAM address 0x9 completed.
 27901.00ns INFO     cocotb.block_ram_model_wtb         Read 0x1D from RAM address 0x9.
 28100.00ns INFO     cocotb.block_ram_model_wtb         Write 0x9 to RAM address 0x0 completed.
 28651.00ns INFO     cocotb.block_ram_model_wtb         Read 0x9 from RAM address 0x0.
 28750.00ns INFO     cocotb.block_ram_model_wtb         Write 0x6 to RAM address 0x0 completed.
 28951.00ns INFO     cocotb.block_ram_model_wtb         Read 0x6 from RAM address 0x0.
 29350.00ns INFO     cocotb.block_ram_model_wtb         Write 0x6 to RAM address 0x4 completed.
 29651.00ns INFO     cocotb.block_ram_model_wtb         Read 0x6 from RAM address 0x4.
 30050.00ns INFO     cocotb.block_ram_model_wtb         Write 0xB to RAM address 0x5 completed.
 30601.00ns INFO     cocotb.block_ram_model_wtb         Read 0xB from RAM address 0x5.
 31100.00ns INFO     cocotb.block_ram_model_wtb         Write 0x16 to RAM address 0x9 completed.
 31451.00ns INFO     cocotb.block_ram_model_wtb         Read 0x16 from RAM address 0x9.
 31850.00ns INFO     cocotb.block_ram_model_wtb         Write 0xD to RAM address 0x5 completed.
 32151.00ns INFO     cocotb.block_ram_model_wtb         Read 0xD from RAM address 0x5.
 32700.00ns INFO     cocotb.block_ram_model_wtb         Write 0x21 to RAM address 0x3 completed.
 33051.00ns INFO     cocotb.block_ram_model_wtb         Read 0x21 from RAM address 0x3.
 33250.00ns INFO     cocotb.block_ram_model_wtb         Write 0xE to RAM address 0x7 completed.
 33601.00ns INFO     cocotb.block_ram_model_wtb         Read 0xE from RAM address 0x7.
 33950.00ns INFO     cocotb.block_ram_model_wtb         Write 0x1B to RAM address 0x8 completed.
 34151.00ns INFO     cocotb.block_ram_model_wtb         Read 0x1B from RAM address 0x8.
 34600.00ns INFO     cocotb.block_ram_model_wtb         Write 0x1 to RAM address 0x7 completed.
 35051.00ns INFO     cocotb.block_ram_model_wtb         Read 0x1 from RAM address 0x7.
 35500.00ns INFO     cocotb.block_ram_model_wtb         Write 0x18 to RAM address 0x8 completed.
 35601.00ns INFO     cocotb.block_ram_model_wtb         Read 0x18 from RAM address 0x8.
 35750.00ns INFO     cocotb.block_ram_model_wtb         Write 0x1A to RAM address 0x5 completed.
 36001.00ns INFO     cocotb.block_ram_model_wtb         Read 0x1A from RAM address 0x5.
 36350.00ns INFO     cocotb.block_ram_model_wtb         Write 0x2 to RAM address 0x0 completed.
 36651.00ns INFO     cocotb.block_ram_model_wtb         Read 0x2 from RAM address 0x0.
 37000.00ns INFO     cocotb.block_ram_model_wtb         Write 0xE to RAM address 0x1 completed.
 37451.00ns INFO     cocotb.block_ram_model_wtb         Read 0xE from RAM address 0x1.
 37750.00ns INFO     cocotb.block_ram_model_wtb         Write 0x0 to RAM address 0x9 completed.
 38301.00ns INFO     cocotb.block_ram_model_wtb         Read 0x0 from RAM address 0x9.
 38800.00ns INFO     cocotb.block_ram_model_wtb         Write 0x1E to RAM address 0x2 completed.
 39101.00ns INFO     cocotb.block_ram_model_wtb         Read 0x1E from RAM address 0x2.
 39550.00ns INFO     cocotb.block_ram_model_wtb         Write 0x1 to RAM address 0x4 completed.
 39951.00ns INFO     cocotb.block_ram_model_wtb         Read 0x1 from RAM address 0x4.
 40300.00ns INFO     cocotb.block_ram_model_wtb         Write 0x3 to RAM address 0x5 completed.
 40601.00ns INFO     cocotb.block_ram_model_wtb         Read 0x3 from RAM address 0x5.
 40850.00ns INFO     cocotb.block_ram_model_wtb         Write 0x19 to RAM address 0x6 completed.
 41301.00ns INFO     cocotb.block_ram_model_wtb         Read 0x19 from RAM address 0x6.
 41450.00ns INFO     cocotb.block_ram_model_wtb         Write 0x16 to RAM address 0x6 completed.
 41651.00ns INFO     cocotb.block_ram_model_wtb         Read 0x16 from RAM address 0x6.
 42200.00ns INFO     cocotb.block_ram_model_wtb         Write 0x15 to RAM address 0x4 completed.
 42601.00ns INFO     cocotb.block_ram_model_wtb         Read 0x15 from RAM address 0x4.
 43150.00ns INFO     cocotb.block_ram_model_wtb         Write 0x1 to RAM address 0x3 completed.
 43601.00ns INFO     cocotb.block_ram_model_wtb         Read 0x1 from RAM address 0x3.
 44150.00ns INFO     cocotb.block_ram_model_wtb         Write 0x20 to RAM address 0x7 completed.
 44401.00ns INFO     cocotb.block_ram_model_wtb         Read 0x20 from RAM address 0x7.
 44900.00ns INFO     cocotb.block_ram_model_wtb         Write 0x13 to RAM address 0x3 completed.
 45301.00ns INFO     cocotb.block_ram_model_wtb         Read 0x13 from RAM address 0x3.
 45850.00ns INFO     cocotb.block_ram_model_wtb         Write 0x1E to RAM address 0x4 completed.
 46351.00ns INFO     cocotb.block_ram_model_wtb         Read 0x1E from RAM address 0x4.
 46500.00ns INFO     cocotb.block_ram_model_wtb         Write 0x1F to RAM address 0x3 completed.
 46901.00ns INFO     cocotb.block_ram_model_wtb         Read 0x1F from RAM address 0x3.
 47050.00ns INFO     cocotb.block_ram_model_wtb         Write 0x10 to RAM address 0x7 completed.
 47451.00ns INFO     cocotb.block_ram_model_wtb         Read 0x10 from RAM address 0x7.
 47650.00ns INFO     cocotb.block_ram_model_wtb         Write 0x17 to RAM address 0x5 completed.
 48051.00ns INFO     cocotb.block_ram_model_wtb         Read 0x17 from RAM address 0x5.
 48400.00ns INFO     cocotb.block_ram_model_wtb         Write 0x13 to RAM address 0x1 completed.
 48851.00ns INFO     cocotb.block_ram_model_wtb         Read 0x13 from RAM address 0x1.
 49100.00ns INFO     cocotb.block_ram_model_wtb         Write 0x15 to RAM address 0x5 completed.
 49251.00ns INFO     cocotb.block_ram_model_wtb         Read 0x15 from RAM address 0x5.
 49600.00ns INFO     cocotb.block_ram_model_wtb         Write 0x16 to RAM address 0x9 completed.
 49951.00ns INFO     cocotb.block_ram_model_wtb         Read 0x16 from RAM address 0x9.
 50450.00ns INFO     cocotb.block_ram_model_wtb         Write 0x16 to RAM address 0x0 completed.
 50801.00ns INFO     cocotb.block_ram_model_wtb         Read 0x16 from RAM address 0x0.
 51050.00ns INFO     cocotb.block_ram_model_wtb         Write 0x7 to RAM address 0x2 completed.
 51301.00ns INFO     cocotb.block_ram_model_wtb         Read 0x7 from RAM address 0x2.
 51550.00ns INFO     cocotb.block_ram_model_wtb         Write 0x12 to RAM address 0x2 completed.
 51901.00ns INFO     cocotb.block_ram_model_wtb         Read 0x12 from RAM address 0x2.
 52050.00ns INFO     cocotb.block_ram_model_wtb         Write 0x1A to RAM address 0x1 completed.
 52401.00ns INFO     cocotb.block_ram_model_wtb         Read 0x1A from RAM address 0x1.
 52900.00ns INFO     cocotb.block_ram_model_wtb         Write 0xA to RAM address 0x5 completed.
 53001.00ns INFO     cocotb.block_ram_model_wtb         Read 0xA from RAM address 0x5.
 53450.00ns INFO     cocotb.block_ram_model_wtb         Write 0x19 to RAM address 0x9 completed.
 53701.00ns INFO     cocotb.block_ram_model_wtb         Read 0x19 from RAM address 0x9.
 53850.00ns INFO     cocotb.block_ram_model_wtb         Write 0x2 to RAM address 0x3 completed.
 53951.00ns INFO     cocotb.block_ram_model_wtb         Read 0x2 from RAM address 0x3.
 54150.00ns INFO     cocotb.block_ram_model_wtb         Write 0x10 to RAM address 0x8 completed.
 54501.00ns INFO     cocotb.block_ram_model_wtb         Read 0x10 from RAM address 0x8.
 55000.00ns INFO     cocotb.block_ram_model_wtb         Write 0x21 to RAM address 0x4 completed.
 55201.00ns INFO     cocotb.block_ram_model_wtb         Read 0x21 from RAM address 0x4.
 55450.00ns INFO     cocotb.block_ram_model_wtb         Write 0x13 to RAM address 0x1 completed.
 55601.00ns INFO     cocotb.block_ram_model_wtb         Read 0x13 from RAM address 0x1.
 56100.00ns INFO     cocotb.block_ram_model_wtb         Write 0xB to RAM address 0x5 completed.
 56251.00ns INFO     cocotb.block_ram_model_wtb         Read 0xB from RAM address 0x5.
 56800.00ns INFO     cocotb.block_ram_model_wtb         Write 0x19 to RAM address 0x1 completed.
 56951.00ns INFO     cocotb.block_ram_model_wtb         Read 0x19 from RAM address 0x1.
 57500.00ns INFO     cocotb.block_ram_model_wtb         Write 0x11 to RAM address 0x0 completed.
 57951.00ns INFO     cocotb.block_ram_model_wtb         Read 0x11 from RAM address 0x0.
 58100.00ns INFO     cocotb.block_ram_model_wtb         Write 0x5 to RAM address 0x8 completed.
 58201.00ns INFO     cocotb.block_ram_model_wtb         Read 0x5 from RAM address 0x8.
 58550.00ns INFO     cocotb.block_ram_model_wtb         Write 0x2 to RAM address 0x6 completed.
 58901.00ns INFO     cocotb.block_ram_model_wtb         Read 0x2 from RAM address 0x6.
 59150.00ns INFO     cocotb.block_ram_model_wtb         Write 0xC to RAM address 0x0 completed.
 59601.00ns INFO     cocotb.block_ram_model_wtb         Read 0xC from RAM address 0x0.
 59950.00ns INFO     cocotb.block_ram_model_wtb         Write 0x17 to RAM address 0x3 completed.
 60051.00ns INFO     cocotb.block_ram_model_wtb         Read 0x17 from RAM address 0x3.
 60200.00ns INFO     cocotb.block_ram_model_wtb         Write 0x14 to RAM address 0x4 completed.
 60701.00ns INFO     cocotb.block_ram_model_wtb         Read 0x14 from RAM address 0x4.
 61100.00ns INFO     cocotb.block_ram_model_wtb         Write 0x11 to RAM address 0x0 completed.
 61251.00ns INFO     cocotb.block_ram_model_wtb         Read 0x11 from RAM address 0x0.
 61450.00ns INFO     cocotb.block_ram_model_wtb         Write 0x0 to RAM address 0x3 completed.
 61751.00ns INFO     cocotb.block_ram_model_wtb         Read 0x0 from RAM address 0x3.
 62300.00ns INFO     cocotb.block_ram_model_wtb         Write 0x3 to RAM address 0x4 completed.
 62851.00ns INFO     cocotb.block_ram_model_wtb         Read 0x3 from RAM address 0x4.
 63100.00ns INFO     cocotb.block_ram_model_wtb         Write 0x17 to RAM address 0x3 completed.
 63501.00ns INFO     cocotb.block_ram_model_wtb         Read 0x17 from RAM address 0x3.
 63750.00ns INFO     cocotb.block_ram_model_wtb         Write 0x7 to RAM address 0x3 completed.
 63851.00ns INFO     cocotb.block_ram_model_wtb         Read 0x7 from RAM address 0x3.
 64050.00ns INFO     cocotb.block_ram_model_wtb         Write 0x2 to RAM address 0x5 completed.
 64151.00ns INFO     cocotb.block_ram_model_wtb         Read 0x2 from RAM address 0x5.
 64350.00ns INFO     cocotb.block_ram_model_wtb         Write 0x8 to RAM address 0x8 completed.
 64701.00ns INFO     cocotb.block_ram_model_wtb         Read 0x8 from RAM address 0x8.
 65100.00ns INFO     cocotb.block_ram_model_wtb         Write 0x8 to RAM address 0x5 completed.
 65301.00ns INFO     cocotb.block_ram_model_wtb         Read 0x8 from RAM address 0x5.
 65400.00ns INFO     cocotb.block_ram_model_wtb         Write 0x21 to RAM address 0x7 completed.
 65551.00ns INFO     cocotb.block_ram_model_wtb         Read 0x21 from RAM address 0x7.
 65700.00ns INFO     cocotb.block_ram_model_wtb         RAM Test passed!
 65700.00ns INFO     cocotb.regression                  test_block_ram_model.test_rw passed
 65700.00ns INFO     cocotb.regression                  **************************************************************************************
                                                        ** TEST                          STATUS  SIM TIME (ns)  REAL TIME (s)  RATIO (ns/s) **
                                                        **************************************************************************************
                                                        ** test_block_ram_model.test_rw   PASS       65700.00           0.05    1241236.94  **
                                                        **************************************************************************************
                                                        ** TESTS=1 PASS=1 FAIL=0 SKIP=0              65700.00           0.06    1176766.53  **
                                                        **************************************************************************************
%Warning: $dumpvar ignored as not preceded by $dumpfile
- :0: Verilog $finish
